This is pdfTeX, Version 3.141592653-2.6-1.40.24 (TeX Live 2022) (preloaded format=pdflatex 2022.7.23)  27 FEB 2023 19:25
entering extended mode
 restricted \write18 enabled.
 %&-line parsing enabled.
**access.tex
(./access.tex
LaTeX2e <2021-11-15> patch level 1
L3 programming layer <2022-02-24> (./ieeeaccess.cls
(/usr/local/texlive/2022/texmf-dist/tex/latex/ieeetran/IEEEtran.cls
Document Class: IEEEtran 2015/08/26 V1.8b by Michael Shell
-- See the "IEEEtran_HOWTO" manual for usage information.
-- http://www.michaelshell.org/tex/ieeetran/
\@IEEEtrantmpdimenA=\dimen138
\@IEEEtrantmpdimenB=\dimen139
\@IEEEtrantmpdimenC=\dimen140
\@IEEEtrantmpcountA=\count185
\@IEEEtrantmpcountB=\count186
\@IEEEtrantmpcountC=\count187
\@IEEEtrantmptoksA=\toks16
LaTeX Font Info:    Trying to load font information for OT1+ptm on input line 5
03.
(/usr/local/texlive/2022/texmf-dist/tex/latex/psnfss/ot1ptm.fd
File: ot1ptm.fd 2001/06/04 font definitions for OT1/ptm.
)
-- Using 8.5in x 11in (letter) paper.
-- Using PDF output.
\@IEEEnormalsizeunitybaselineskip=\dimen141
-- This is a 10 point document.
\CLASSINFOnormalsizebaselineskip=\dimen142
\CLASSINFOnormalsizeunitybaselineskip=\dimen143
\IEEEnormaljot=\dimen144
LaTeX Font Info:    Font shape `OT1/ptm/bx/n' in size <5> not available
(Font)              Font shape `OT1/ptm/b/n' tried instead on input line 1090.
LaTeX Font Info:    Font shape `OT1/ptm/bx/it' in size <5> not available
(Font)              Font shape `OT1/ptm/b/it' tried instead on input line 1090.

LaTeX Font Info:    Font shape `OT1/ptm/bx/n' in size <7> not available
(Font)              Font shape `OT1/ptm/b/n' tried instead on input line 1090.
LaTeX Font Info:    Font shape `OT1/ptm/bx/it' in size <7> not available
(Font)              Font shape `OT1/ptm/b/it' tried instead on input line 1090.

LaTeX Font Info:    Font shape `OT1/ptm/bx/n' in size <8> not available
(Font)              Font shape `OT1/ptm/b/n' tried instead on input line 1090.
LaTeX Font Info:    Font shape `OT1/ptm/bx/it' in size <8> not available
(Font)              Font shape `OT1/ptm/b/it' tried instead on input line 1090.

LaTeX Font Info:    Font shape `OT1/ptm/bx/n' in size <9> not available
(Font)              Font shape `OT1/ptm/b/n' tried instead on input line 1090.
LaTeX Font Info:    Font shape `OT1/ptm/bx/it' in size <9> not available
(Font)              Font shape `OT1/ptm/b/it' tried instead on input line 1090.

LaTeX Font Info:    Font shape `OT1/ptm/bx/n' in size <10> not available
(Font)              Font shape `OT1/ptm/b/n' tried instead on input line 1090.
LaTeX Font Info:    Font shape `OT1/ptm/bx/it' in size <10> not available
(Font)              Font shape `OT1/ptm/b/it' tried instead on input line 1090.

LaTeX Font Info:    Font shape `OT1/ptm/bx/n' in size <11> not available
(Font)              Font shape `OT1/ptm/b/n' tried instead on input line 1090.
LaTeX Font Info:    Font shape `OT1/ptm/bx/it' in size <11> not available
(Font)              Font shape `OT1/ptm/b/it' tried instead on input line 1090.

LaTeX Font Info:    Font shape `OT1/ptm/bx/n' in size <12> not available
(Font)              Font shape `OT1/ptm/b/n' tried instead on input line 1090.
LaTeX Font Info:    Font shape `OT1/ptm/bx/it' in size <12> not available
(Font)              Font shape `OT1/ptm/b/it' tried instead on input line 1090.

LaTeX Font Info:    Font shape `OT1/ptm/bx/n' in size <17> not available
(Font)              Font shape `OT1/ptm/b/n' tried instead on input line 1090.
LaTeX Font Info:    Font shape `OT1/ptm/bx/it' in size <17> not available
(Font)              Font shape `OT1/ptm/b/it' tried instead on input line 1090.

LaTeX Font Info:    Font shape `OT1/ptm/bx/n' in size <20> not available
(Font)              Font shape `OT1/ptm/b/n' tried instead on input line 1090.
LaTeX Font Info:    Font shape `OT1/ptm/bx/it' in size <20> not available
(Font)              Font shape `OT1/ptm/b/it' tried instead on input line 1090.

LaTeX Font Info:    Font shape `OT1/ptm/bx/n' in size <24> not available
(Font)              Font shape `OT1/ptm/b/n' tried instead on input line 1090.
LaTeX Font Info:    Font shape `OT1/ptm/bx/it' in size <24> not available
(Font)              Font shape `OT1/ptm/b/it' tried instead on input line 1090.

\IEEEquantizedlength=\dimen145
\IEEEquantizedlengthdiff=\dimen146
\IEEEquantizedtextheightdiff=\dimen147
\IEEEilabelindentA=\dimen148
\IEEEilabelindentB=\dimen149
\IEEEilabelindent=\dimen150
\IEEEelabelindent=\dimen151
\IEEEdlabelindent=\dimen152
\IEEElabelindent=\dimen153
\IEEEiednormlabelsep=\dimen154
\IEEEiedmathlabelsep=\dimen155
\IEEEiedtopsep=\skip47
\c@section=\count188
\c@subsection=\count189
\c@subsubsection=\count190
\c@paragraph=\count191
\c@IEEEsubequation=\count192
\abovecaptionskip=\skip48
\belowcaptionskip=\skip49
\c@figure=\count193
\c@table=\count194
\@IEEEeqnnumcols=\count195
\@IEEEeqncolcnt=\count196
\@IEEEsubeqnnumrollback=\count197
\@IEEEquantizeheightA=\dimen156
\@IEEEquantizeheightB=\dimen157
\@IEEEquantizeheightC=\dimen158
\@IEEEquantizeprevdepth=\dimen159
\@IEEEquantizemultiple=\count198
\@IEEEquantizeboxA=\box50
\@IEEEtmpitemindent=\dimen160
\IEEEPARstartletwidth=\dimen161
\c@IEEEbiography=\count199
\@IEEEtranrubishbin=\box51
) (/usr/local/texlive/2022/texmf-dist/tex/generic/iftex/ifpdf.sty
Package: ifpdf 2019/10/25 v3.4 ifpdf legacy package. Use iftex instead.

(/usr/local/texlive/2022/texmf-dist/tex/generic/iftex/iftex.sty
Package: iftex 2022/02/03 v1.0f TeX engine tests
))
(/usr/local/texlive/2022/texmf-dist/tex/latex/xkeyval/xkeyval.sty
Package: xkeyval 2020/11/20 v2.8 package option processing (HA)

(/usr/local/texlive/2022/texmf-dist/tex/generic/xkeyval/xkeyval.tex
(/usr/local/texlive/2022/texmf-dist/tex/generic/xkeyval/xkvutils.tex
\XKV@toks=\toks17
\XKV@tempa@toks=\toks18

(/usr/local/texlive/2022/texmf-dist/tex/generic/xkeyval/keyval.tex))
\XKV@depth=\count266
File: xkeyval.tex 2014/12/03 v2.7a key=value parser (HA)
)){/usr/local/texlive/2022/texmf-var/fonts/map/pdftex/updmap/pdftex.map}

pdfTeX warning: /Library/TeX/texbin/pdflatex (file t1-times.map): cannot open f
ont map file
{t1-formata.map}{t1-giovannistd.map}
\@draftversionrule=\dimen162

(/usr/local/texlive/2022/texmf-dist/tex/latex/graphics/color.sty
Package: color 2021/12/07 v1.3c Standard LaTeX Color (DPC)

(/usr/local/texlive/2022/texmf-dist/tex/latex/graphics-cfg/color.cfg
File: color.cfg 2016/01/02 v1.6 sample color configuration
)
Package color Info: Driver file: pdftex.def on input line 149.

(/usr/local/texlive/2022/texmf-dist/tex/latex/graphics-def/pdftex.def
File: pdftex.def 2020/10/05 v1.2a Graphics/color driver for pdftex
))
(./spotcolor.sty
Package: spotcolor 2006/11/15 v1.2 Package for adding Spot Color support to pdf
LaTeX.

(/usr/local/texlive/2022/texmf-dist/tex/latex/graphics/graphics.sty
Package: graphics 2021/03/04 v1.4d Standard LaTeX Graphics (DPC,SPQR)

(/usr/local/texlive/2022/texmf-dist/tex/latex/graphics/trig.sty
Package: trig 2021/08/11 v1.11 sin cos tan (DPC)
)
(/usr/local/texlive/2022/texmf-dist/tex/latex/graphics-cfg/graphics.cfg
File: graphics.cfg 2016/06/04 v1.11 sample graphics configuration
)
Package graphics Info: Driver file: pdftex.def on input line 107.
)
\thecolorprofile=\count267
\thecolor=\count268
)
\PANTONE=\toks19
Package color Info: Redefining color black on input line 287.
\figbox=\box52
\titlewidth=\skip50
\abstractwidth=\skip51
\c@addrCtr=\count269
\abstractbox=\box53
\indexbox=\box54
\absht=\dimen163
\kwdht=\dimen164
\@tempcntc=\count270
\titlepgskip=\skip52
\maketitlebox=\box55
)
(/usr/local/texlive/2022/texmf-dist/tex/latex/cite/cite.sty
LaTeX Info: Redefining \cite on input line 302.
LaTeX Info: Redefining \nocite on input line 332.
Package: cite 2015/02/27  v 5.5
)
(/usr/local/texlive/2022/texmf-dist/tex/latex/amsmath/amsmath.sty
Package: amsmath 2021/10/15 v2.17l AMS math features
\@mathmargin=\skip53

For additional information on amsmath, use the `?' option.
(/usr/local/texlive/2022/texmf-dist/tex/latex/amsmath/amstext.sty
Package: amstext 2021/08/26 v2.01 AMS text

(/usr/local/texlive/2022/texmf-dist/tex/latex/amsmath/amsgen.sty
File: amsgen.sty 1999/11/30 v2.0 generic functions
\@emptytoks=\toks20
\ex@=\dimen165
))
(/usr/local/texlive/2022/texmf-dist/tex/latex/amsmath/amsbsy.sty
Package: amsbsy 1999/11/29 v1.2d Bold Symbols
\pmbraise@=\dimen166
)
(/usr/local/texlive/2022/texmf-dist/tex/latex/amsmath/amsopn.sty
Package: amsopn 2021/08/26 v2.02 operator names
)
\inf@bad=\count271
LaTeX Info: Redefining \frac on input line 234.
\uproot@=\count272
\leftroot@=\count273
LaTeX Info: Redefining \overline on input line 399.
\classnum@=\count274
\DOTSCASE@=\count275
LaTeX Info: Redefining \ldots on input line 496.
LaTeX Info: Redefining \dots on input line 499.
LaTeX Info: Redefining \cdots on input line 620.
\Mathstrutbox@=\box56
\strutbox@=\box57
\big@size=\dimen167
LaTeX Font Info:    Redeclaring font encoding OML on input line 743.
LaTeX Font Info:    Redeclaring font encoding OMS on input line 744.
\macc@depth=\count276
\c@MaxMatrixCols=\count277
\dotsspace@=\muskip16
\c@parentequation=\count278
\dspbrk@lvl=\count279
\tag@help=\toks21
\row@=\count280
\column@=\count281
\maxfields@=\count282
\andhelp@=\toks22
\eqnshift@=\dimen168
\alignsep@=\dimen169
\tagshift@=\dimen170
\tagwidth@=\dimen171
\totwidth@=\dimen172
\lineht@=\dimen173
\@envbody=\toks23
\multlinegap=\skip54
\multlinetaggap=\skip55
\mathdisplay@stack=\toks24
LaTeX Info: Redefining \[ on input line 2938.
LaTeX Info: Redefining \] on input line 2939.
)
(/usr/local/texlive/2022/texmf-dist/tex/latex/amsfonts/amssymb.sty
Package: amssymb 2013/01/14 v3.01 AMS font symbols

(/usr/local/texlive/2022/texmf-dist/tex/latex/amsfonts/amsfonts.sty
Package: amsfonts 2013/01/14 v3.01 Basic AMSFonts support
\symAMSa=\mathgroup4
\symAMSb=\mathgroup5
LaTeX Font Info:    Redeclaring math symbol \hbar on input line 98.
LaTeX Font Info:    Overwriting math alphabet `\mathfrak' in version `bold'
(Font)                  U/euf/m/n --> U/euf/b/n on input line 106.
))
(/usr/local/texlive/2022/texmf-dist/tex/latex/algorithms/algorithmic.sty
Package: algorithmic 2009/08/24 v0.1 Document Style `algorithmic'

(/usr/local/texlive/2022/texmf-dist/tex/latex/base/ifthen.sty
Package: ifthen 2020/11/24 v1.1c Standard LaTeX ifthen package (DPC)
)
\c@ALC@unique=\count283
\c@ALC@line=\count284
\c@ALC@rem=\count285
\c@ALC@depth=\count286
\ALC@tlm=\skip56
\algorithmicindent=\skip57
)
(/usr/local/texlive/2022/texmf-dist/tex/latex/graphics/graphicx.sty
Package: graphicx 2021/09/16 v1.2d Enhanced LaTeX Graphics (DPC,SPQR)
\Gin@req@height=\dimen174
\Gin@req@width=\dimen175
)
(/usr/local/texlive/2022/texmf-dist/tex/latex/base/textcomp.sty
Package: textcomp 2020/02/02 v2.0n Standard LaTeX package
)
(/usr/local/texlive/2022/texmf-dist/tex/latex/l3backend/l3backend-pdftex.def
File: l3backend-pdftex.def 2022-02-07 L3 backend support: PDF output (pdfTeX)
\l__color_backend_stack_int=\count287
\l__pdf_internal_box=\box58
)
(./access.aux)
\openout1 = `access.aux'.

LaTeX Font Info:    Checking defaults for OML/cmm/m/it on input line 15.
LaTeX Font Info:    ... okay on input line 15.
LaTeX Font Info:    Checking defaults for OMS/cmsy/m/n on input line 15.
LaTeX Font Info:    ... okay on input line 15.
LaTeX Font Info:    Checking defaults for OT1/cmr/m/n on input line 15.
LaTeX Font Info:    ... okay on input line 15.
LaTeX Font Info:    Checking defaults for T1/cmr/m/n on input line 15.
LaTeX Font Info:    ... okay on input line 15.
LaTeX Font Info:    Checking defaults for TS1/cmr/m/n on input line 15.
LaTeX Font Info:    ... okay on input line 15.
LaTeX Font Info:    Checking defaults for OMX/cmex/m/n on input line 15.
LaTeX Font Info:    ... okay on input line 15.
LaTeX Font Info:    Checking defaults for U/cmr/m/n on input line 15.
LaTeX Font Info:    ... okay on input line 15.

-- Lines per column: 56 (exact).
\symNewLetters=\mathgroup6
\symxsymbols=\mathgroup7
LaTeX Font Info:    Redeclaring math symbol \ddagger on input line 15.
LaTeX Font Info:    Redeclaring math symbol \dagger on input line 15.
\c@mv@regular=\count288
LaTeX Font Info:    Encoding `OT1' has changed to `T1' for symbol font
(Font)              `operators' in the math version `regular' on input line 15.

LaTeX Font Info:    Overwriting symbol font `operators' in version `regular'
(Font)                  OT1/cmr/m/n --> T1/formata/n/n on input line 15.
LaTeX Font Info:    Overwriting symbol font `NewLetters' in version `regular'
(Font)                  T1/times/n/it --> T1/formata/n/it on input line 15.
LaTeX Font Info:    Overwriting math alphabet `\mathrm' in version `regular'
(Font)                  T1/formata/n/n --> T1/formata/n/n on input line 15.
LaTeX Font Info:    Overwriting math alphabet `\mathit' in version `regular'
(Font)                  OT1/cmr/m/it --> T1/formata/n/it on input line 15.
LaTeX Font Info:    Overwriting math alphabet `\mathbf' in version `regular'
(Font)                  OT1/cmr/bx/n --> T1/formata/m/n on input line 15.
LaTeX Font Info:    Overwriting math alphabet `\mathtt' in version `regular'
(Font)                  OT1/cmtt/m/n --> OT1/pcr/m/n on input line 15.
\c@mv@medium=\count289
LaTeX Font Info:    Encoding `OT1' has changed to `T1' for symbol font
(Font)              `operators' in the math version `medium' on input line 15.
LaTeX Font Info:    Overwriting symbol font `operators' in version `medium'
(Font)                  OT1/cmr/m/n --> T1/formata/m/n on input line 15.
LaTeX Font Info:    Overwriting symbol font `NewLetters' in version `medium'
(Font)                  T1/times/n/it --> T1/formata/m/it on input line 15.
LaTeX Font Info:    Overwriting math alphabet `\mathrm' in version `medium'
(Font)                  > T1/formata/m/n on input line 15.
LaTeX Font Info:    Overwriting math alphabet `\mathit' in version `medium'
(Font)                  OT1/cmr/m/it --> T1/formata/m/it on input line 15.
LaTeX Font Info:    Overwriting math alphabet `\mathbf' in version `medium'
(Font)                  OT1/cmr/bx/n --> T1/formata/b/n on input line 15.
LaTeX Font Info:    Overwriting math alphabet `\mathtt' in version `medium'
(Font)                  OT1/cmtt/m/n --> OT1/pcr/b/n on input line 15.
\c@mv@black=\count290
LaTeX Font Info:    Encoding `OT1' has changed to `T1' for symbol font
(Font)              `operators' in the math version `black' on input line 15.
LaTeX Font Info:    Overwriting symbol font `operators' in version `black'
(Font)                  OT1/cmr/m/n --> T1/formata/b/n on input line 15.
LaTeX Font Info:    Overwriting symbol font `NewLetters' in version `black'
(Font)                  T1/times/n/it --> T1/formata/b/it on input line 15.
LaTeX Font Info:    Overwriting math alphabet `\mathrm' in version `black'
(Font)                  > T1/formata/b/n on input line 15.
LaTeX Font Info:    Overwriting math alphabet `\mathit' in version `black'
(Font)                  OT1/cmr/m/it --> T1/formata/b/it on input line 15.
LaTeX Font Info:    Overwriting math alphabet `\mathbf' in version `black'
(Font)                  OT1/cmr/bx/n --> T1/formata/b/n on input line 15.
LaTeX Font Info:    Overwriting math alphabet `\mathtt' in version `black'
(Font)                  OT1/cmtt/m/n --> OT1/pcr/b/n on input line 15.
LaTeX Font Info:    Trying to load font information for T1+ptm on input line 15
.
(/usr/local/texlive/2022/texmf-dist/tex/latex/psnfss/t1ptm.fd
File: t1ptm.fd 2001/06/04 font definitions for T1/ptm.
)
LaTeX Font Info:    Trying to load font information for T1+times on input line 
15.
LaTeX Font Info:    No file T1times.fd. on input line 15.


LaTeX Font Warning: Font shape `T1/times/m/n' undefined
(Font)              using `T1/cmr/m/n' instead on input line 15.


LaTeX Font Warning: Font shape `T1/times/n/n' undefined
(Font)              using `T1/times/m/n' instead on input line 15.

(/usr/local/texlive/2022/texmf-dist/tex/context/base/mkii/supp-pdf.mkii
[Loading MPS to PDF converter (version 2006.09.02).]
\scratchcounter=\count291
\scratchdimen=\dimen176
\scratchbox=\box59
\nofMPsegments=\count292
\nofMParguments=\count293
\everyMPshowfont=\toks25
\MPscratchCnt=\count294
\MPscratchDim=\dimen177
\MPnumerator=\count295
\makeMPintoPDFobject=\count296
\everyMPtoPDFconversion=\toks26
) (/usr/local/texlive/2022/texmf-dist/tex/latex/epstopdf-pkg/epstopdf-base.sty
Package: epstopdf-base 2020-01-24 v2.11 Base part for package epstopdf
Package epstopdf-base Info: Redefining graphics rule for `.eps' on input line 4
85.

(/usr/local/texlive/2022/texmf-dist/tex/latex/latexconfig/epstopdf-sys.cfg
File: epstopdf-sys.cfg 2010/07/13 v1.3 Configuration of (r)epstopdf for TeX Liv
e
))
<bullet.png, id=3, 12.045pt x 35.38219pt>
File: bullet.png Graphic file (type png)
<use bullet.png>
Package pdftex.def Info: bullet.png  used on input line 35.
(pdftex.def)             Requested size: 4.99878pt x 14.68387pt.

Underfull \hbox (badness 10000) in paragraph at lines 43--47

 []


Underfull \hbox (badness 10000) in paragraph at lines 43--47

 []


Underfull \hbox (badness 10000) in paragraph at lines 43--47

 []

File: bullet.png Graphic file (type png)
<use bullet.png>
Package pdftex.def Info: bullet.png  used on input line 54.
(pdftex.def)             Requested size: 4.99878pt x 14.68387pt.
LaTeX Font Info:    Trying to load font information for U+msa on input line 61.

(/usr/local/texlive/2022/texmf-dist/tex/latex/amsfonts/umsa.fd
File: umsa.fd 2013/01/14 v3.01 AMS symbols A
)
LaTeX Font Info:    Trying to load font information for U+msb on input line 61.


(/usr/local/texlive/2022/texmf-dist/tex/latex/amsfonts/umsb.fd
File: umsb.fd 2013/01/14 v3.01 AMS symbols B
)

LaTeX Font Warning: Font shape `T1/times/n/it' undefined
(Font)              using `T1/times/n/n' instead on input line 61.

LaTeX Font Info:    Calculating math sizes for size <9.9> on input line 61.
LaTeX Font Info:    Calculating math sizes for size <6.6> on input line 61.

Overfull \hbox (9.26668pt too wide) in paragraph at lines 61--61
[]  
 []


Overfull \hbox (9.26668pt too wide) in paragraph at lines 61--61
[]  
 []


LaTeX Font Warning: Font shape `T1/times/b/n' undefined
(Font)              using `T1/times/m/n' instead on input line 76.


Underfull \hbox (badness 4108) in paragraph at lines 76--83
[]\T1/times/b/n/10 HIS doc-u-ment is a tem-plate for L[]T[]X. If
 []


Underfull \hbox (badness 1655) in paragraph at lines 76--83
\T1/times/b/n/10 you are read-ing a pa-per or PDF ver-sion of
 []


Underfull \hbox (badness 2689) in paragraph at lines 76--83
\T1/times/b/n/10 this doc-u-ment, please down-load the La-TeX tem-
 []


Underfull \hbox (badness 5217) in paragraph at lines 76--83
\T1/times/b/n/10 plate or the MS Word tem-plate of your pre-
 []


Underfull \hbox (badness 10000) in paragraph at lines 76--83
\T1/times/b/n/10 ferred pub-li-ca-tion from the IEEE Web-site at
 []


Underfull \hbox (badness 10000) in paragraph at lines 76--83
[]$
 []


Overfull \hbox (4.65494pt too wide) in paragraph at lines 76--83
[]$
 []


Overfull \hbox (2.6832pt too wide) in paragraph at lines 76--83
[]$
 []


Underfull \vbox (badness 10000) has occurred while \output is active []

<logo.png, id=4, 206.27063pt x 53.44969pt>
File: logo.png Graphic file (type png)
<use logo.png>
Package pdftex.def Info: logo.png  used on input line 83.
(pdftex.def)             Requested size: 91.32pt x 23.66309pt.

Overfull \hbox (505.12177pt too wide) has occurred while \output is active
[]
 []


Overfull \hbox (505.12177pt too wide) has occurred while \output is active
[]
 []


Overfull \hbox (505.12177pt too wide) has occurred while \output is active
[]
 []


Underfull \hbox (badness 10000) has occurred while \output is active
[]
 []

[1


 <./logo.png> <./bullet.png>]
LaTeX Font Info:    Trying to load font information for T1+pcr on input line 14
2.

(/usr/local/texlive/2022/texmf-dist/tex/latex/psnfss/t1pcr.fd
File: t1pcr.fd 2001/06/04 font definitions for T1/pcr.
)

LaTeX Font Warning: Font shape `T1/times/m/sc' undefined
(Font)              using `T1/times/m/n' instead on input line 158.

<notaglinelogo.png, id=18, 169.38281pt x 42.91031pt>
File: notaglinelogo.png Graphic file (type png)
<use notaglinelogo.png>
Package pdftex.def Info: notaglinelogo.png  used on input line 188.
(pdftex.def)             Requested size: 91.32pt x 23.1352pt.

Overfull \hbox (505.12177pt too wide) has occurred while \output is active
[]
 []


Overfull \hbox (505.12177pt too wide) has occurred while \output is active
[]
 []


Underfull \hbox (badness 10000) has occurred while \output is active
[]
 []

[2 <./notaglinelogo.png>]
<fig1.png, id=29, 249.3315pt x 189.22694pt>
File: fig1.png Graphic file (type png)
<use fig1.png>
Package pdftex.def Info: fig1.png  used on input line 196.
(pdftex.def)             Requested size: 249.33087pt x 189.22647pt.
File: fig1.png Graphic file (type png)
<use fig1.png>
Package pdftex.def Info: fig1.png  used on input line 196.
(pdftex.def)             Requested size: 249.33087pt x 189.22647pt.

Underfull \hbox (badness 7851) in paragraph at lines 228--230
[]\T1/times/m/sc/10 A gen-eral IEEE styleguide is avail-able at 
 []


Overfull \hbox (2.61826pt too wide) in paragraph at lines 261--261
[]\T1/times/n/it/8 Symbol| 
 []


Underfull \hbox (badness 10000) in paragraph at lines 272--272
[]\T1/times/n/it/8 magnetic field
 []


Underfull \hbox (badness 3989) in paragraph at lines 284--284
[]\T1/times/n/it/8 specific mag-ne-ti-za-
 []


Underfull \hbox (badness 10000) in paragraph at lines 290--290
[]\T1/times/n/it/8 magnetic
 []


Underfull \hbox (badness 5374) in paragraph at lines 302--302
[]\T1/times/n/it/8 relative per-me-abil-
 []


Underfull \hbox (badness 5417) in paragraph at lines 308--308
[]\T1/times/n/it/8 demagnetizing fac-
 []


Overfull \hbox (14.32645pt too wide) in paragraph at lines 259--319
[][]
 []

File: notaglinelogo.png Graphic file (type png)
<use notaglinelogo.png>
Package pdftex.def Info: notaglinelogo.png  used on input line 335.
(pdftex.def)             Requested size: 91.32pt x 23.1352pt.

Overfull \hbox (505.12177pt too wide) has occurred while \output is active
[]
 []


Overfull \hbox (505.12177pt too wide) has occurred while \output is active
[]
 []


Underfull \hbox (badness 10000) has occurred while \output is active
[]
 []

[3]
Underfull \hbox (badness 3746) in paragraph at lines 368--373
\T1/times/m/sc/10 The term color space refers to the en-tire sum
 []


Underfull \hbox (badness 2181) in paragraph at lines 368--373
\T1/times/m/sc/10 medium. For our pur-poses, the three main color
 []


Underfull \vbox (badness 2556) has occurred while \output is active []

File: notaglinelogo.png Graphic file (type png)
<use notaglinelogo.png>
Package pdftex.def Info: notaglinelogo.png  used on input line 400.
(pdftex.def)             Requested size: 91.32pt x 23.1352pt.

Overfull \hbox (505.12177pt too wide) has occurred while \output is active
[]
 []


Overfull \hbox (505.12177pt too wide) has occurred while \output is active
[]
 []


Underfull \hbox (badness 10000) has occurred while \output is active
[]
 []

[4 <./fig1.png (PNG copy)>]

LaTeX Font Warning: Font shape `T1/times/m/it' undefined
(Font)              using `T1/times/m/n' instead on input line 455.

File: notaglinelogo.png Graphic file (type png)
<use notaglinelogo.png>
Package pdftex.def Info: notaglinelogo.png  used on input line 489.
(pdftex.def)             Requested size: 91.32pt x 23.1352pt.

Overfull \hbox (505.12177pt too wide) has occurred while \output is active
[]
 []


Overfull \hbox (505.12177pt too wide) has occurred while \output is active
[]
 []


Underfull \hbox (badness 10000) has occurred while \output is active
[]
 []

[5]
Overfull \hbox (16.70755pt too wide) in paragraph at lines 513--520
[]$
 []


Underfull \hbox (badness 3780) in paragraph at lines 547--554
[]\T1/times/m/sc/10 Because repli-ca-tion is re-quired for sci-en-tific
 []

File: notaglinelogo.png Graphic file (type png)
<use notaglinelogo.png>
Package pdftex.def Info: notaglinelogo.png  used on input line 570.
(pdftex.def)             Requested size: 91.32pt x 23.1352pt.

Overfull \hbox (505.12177pt too wide) has occurred while \output is active
[]
 []


Overfull \hbox (505.12177pt too wide) has occurred while \output is active
[]
 []


Underfull \hbox (badness 10000) has occurred while \output is active
[]
 []

[6]
LaTeX Font Info:    Calculating math sizes for size <7.61> on input line 659.
File: notaglinelogo.png Graphic file (type png)
<use notaglinelogo.png>
Package pdftex.def Info: notaglinelogo.png  used on input line 673.
(pdftex.def)             Requested size: 91.32pt x 23.1352pt.

Overfull \hbox (505.12177pt too wide) has occurred while \output is active
[]
 []


Overfull \hbox (505.12177pt too wide) has occurred while \output is active
[]
 []


Underfull \hbox (badness 10000) has occurred while \output is active
[]
 []

[7]
Underfull \hbox (badness 10000) in paragraph at lines 683--686
[]\T1/times/m/n/8 The Founders' Con-sti-tu-tion, Philip B. Kur-land
 []


Underfull \hbox (badness 10000) in paragraph at lines 683--686
\T1/times/m/n/8 and Ralph Lerner, eds., Chicago, IL, USA:
 []


Underfull \hbox (badness 10000) in paragraph at lines 683--686
\T1/times/m/n/8 Univ. Chicago Press, 1987. [On-line]. Avail-able:
 []


Underfull \hbox (badness 10000) in paragraph at lines 687--690
[]\T1/times/m/n/8 The Ter-a-hertz Wave eBook. ZOmega Ter-
 []


Underfull \hbox (badness 10000) in paragraph at lines 687--690
\T1/times/m/n/8 a-hertz Corp., 2014. [On-line]. Avail-able:
 []


Underfull \hbox (badness 10000) in paragraph at lines 687--690
[]$\T1/times/m/n/8 .
 []


Underfull \hbox (badness 2828) in paragraph at lines 691--695
\T1/times/m/n/8 1987, Ac-cessed on: Feb. 28, 2010, [On-line] Avail-able:
 []


Underfull \hbox (badness 10000) in paragraph at lines 700--701
[]\T1/times/m/n/8 P. Kopyt et al., ``Elec-tric prop-er-ties of graphene-
 []


Underfull \hbox (badness 7981) in paragraph at lines 700--701
\T1/times/m/n/8 based con-duc-tive lay-ers from DC up to ter-a-hertz
 []


Underfull \hbox (badness 1436) in paragraph at lines 707--708
[]\T1/times/m/n/8 R. J. Hi-j-mans and J. van Et-ten, ``Raster: Ge-o-graphic
 []


Underfull \hbox (badness 7012) in paragraph at lines 707--708
\T1/times/m/n/8 anal-y-sis and mod-el-ing with raster data,'' R Pack-
 []


Underfull \hbox (badness 2005) in paragraph at lines 707--708
\T1/times/m/n/8 age Ver-sion 2.0-12, Jan. 12, 2012. [On-line]. Avail-able:
 []


Underfull \hbox (badness 4024) in paragraph at lines 709--712
\T1/times/m/n/8 able: $[]$
 []

<author1.png, id=56, 225.84375pt x 282.30469pt>
File: author1.png Graphic file (type png)
<use author1.png>
Package pdftex.def Info: author1.png  used on input line 745.
(pdftex.def)             Requested size: 72.27147pt x 90.33934pt.
File: author1.png Graphic file (type png)
<use author1.png>
Package pdftex.def Info: author1.png  used on input line 745.
(pdftex.def)             Requested size: 72.27147pt x 90.33934pt.
<author2.png, id=60, 225.84375pt x 282.30469pt>
File: author2.png Graphic file (type png)
<use author2.png>
Package pdftex.def Info: author2.png  used on input line 765.
(pdftex.def)             Requested size: 72.27147pt x 90.33934pt.
File: author2.png Graphic file (type png)
<use author2.png>
Package pdftex.def Info: author2.png  used on input line 765.
(pdftex.def)             Requested size: 72.27147pt x 90.33934pt.

Underfull \hbox (badness 2050) in paragraph at lines 765--791
[]\T1/formata/m/n/8 SECOND B. AU-THOR \T1/times/m/n/8 (M'76--SM'81--F'87)
 []


Underfull \hbox (badness 3098) in paragraph at lines 765--791
\T1/times/m/n/8 Bi-ogra-phies are of-ten not in-cluded in
 []

File: notaglinelogo.png Graphic file (type png)
<use notaglinelogo.png>
Package pdftex.def Info: notaglinelogo.png  used on input line 791.
(pdftex.def)             Requested size: 91.32pt x 23.1352pt.

Overfull \hbox (505.12177pt too wide) has occurred while \output is active
[]
 []


Overfull \hbox (505.12177pt too wide) has occurred while \output is active
[]
 []


Underfull \hbox (badness 10000) has occurred while \output is active
[]
 []

[8 <./author1.png>]
<author3.png, id=68, 225.84375pt x 282.30469pt>
File: author3.png Graphic file (type png)
<use author3.png>
Package pdftex.def Info: author3.png  used on input line 795.
(pdftex.def)             Requested size: 72.27147pt x 90.33934pt.
File: author3.png Graphic file (type png)
<use author3.png>
Package pdftex.def Info: author3.png  used on input line 795.
(pdftex.def)             Requested size: 72.27147pt x 90.33934pt.
File: bullet.png Graphic file (type png)
<use bullet.png>
Package pdftex.def Info: bullet.png  used on input line 814.
(pdftex.def)             Requested size: 4.99878pt x 14.68387pt.
File: notaglinelogo.png Graphic file (type png)
<use notaglinelogo.png>
Package pdftex.def Info: notaglinelogo.png  used on input line 816.
(pdftex.def)             Requested size: 91.32pt x 23.1352pt.

Overfull \hbox (505.12177pt too wide) has occurred while \output is active
[]
 []


Overfull \hbox (505.12177pt too wide) has occurred while \output is active
[]
 []


Underfull \hbox (badness 10000) has occurred while \output is active
[]
 []

[9

 <./author2.png> <./author3.png>] (./access.aux)

LaTeX Font Warning: Some font shapes were not available, defaults substituted.

 ) 
Here is how much of TeX's memory you used:
 4549 strings out of 478268
 72281 string characters out of 5846347
 393992 words of memory out of 5000000
 22682 multiletter control sequences out of 15000+600000
 519925 words of font info for 142 fonts, out of 8000000 for 9000
 1141 hyphenation exceptions out of 8191
 70i,14n,76p,386b,507s stack positions out of 10000i,1000n,20000p,200000b,200000s
{/usr/local/texlive/2022/texmf-dist/fonts/enc/dvips/cm-super/cm-super-t1.enc}
{/usr/local/texlive/2022/texmf-dist/fonts/enc/dvips/base/8r.enc}</usr/local/tex
live/2022/texmf-dist/fonts/type1/public/amsfonts/cm/cmmi10.pfb></usr/local/texl
ive/2022/texmf-dist/fonts/type1/public/amsfonts/cm/cmmi6.pfb></usr/local/texliv
e/2022/texmf-dist/fonts/type1/public/amsfonts/cm/cmmi7.pfb></usr/local/texlive/
2022/texmf-dist/fonts/type1/public/amsfonts/cm/cmmi8.pfb></usr/local/texlive/20
22/texmf-dist/fonts/type1/public/amsfonts/cm/cmr10.pfb></usr/local/texlive/2022
/texmf-dist/fonts/type1/public/amsfonts/cm/cmr6.pfb></usr/local/texlive/2022/te
xmf-dist/fonts/type1/public/amsfonts/cm/cmr7.pfb></usr/local/texlive/2022/texmf
-dist/fonts/type1/public/amsfonts/cm/cmr8.pfb></usr/local/texlive/2022/texmf-di
st/fonts/type1/public/amsfonts/cm/cmsy10.pfb></usr/local/texlive/2022/texmf-dis
t/fonts/type1/public/amsfonts/cm/cmsy6.pfb></usr/local/texlive/2022/texmf-dist/
fonts/type1/public/amsfonts/cm/cmsy7.pfb></usr/local/texlive/2022/texmf-dist/fo
nts/type1/public/amsfonts/cm/cmsy8.pfb></usr/local/texlive/2022/texmf-dist/font
s/type1/public/amsfonts/symbols/msam10.pfb></usr/local/texlive/2022/texmf-dist/
fonts/type1/public/cm-super/sfrm0500.pfb></usr/local/texlive/2022/texmf-dist/fo
nts/type1/public/cm-super/sfrm0600.pfb></usr/local/texlive/2022/texmf-dist/font
s/type1/public/cm-super/sfrm0700.pfb></usr/local/texlive/2022/texmf-dist/fonts/
type1/public/cm-super/sfrm0800.pfb></usr/local/texlive/2022/texmf-dist/fonts/ty
pe1/public/cm-super/sfrm1000.pfb><./t1-formata-bold.pfb><./t1-formata-condmediu
m.pfb><./t1-formata-medium.pfb><./t1-formata-mediumitalic.pfb><./t1-formata-reg
ular.pfb><./t1-giovannistd-bookitalic.pfb></usr/local/texlive/2022/texmf-dist/f
onts/type1/urw/courier/ucrr8a.pfb>
Output written on access.pdf (9 pages, 702222 bytes).
PDF statistics:
 184 PDF objects out of 1000 (max. 8388607)
 105 compressed objects within 2 object streams
 0 named destinations out of 1000 (max. 500000)
 80 words of extra memory for PDF output out of 10000 (max. 10000000)

